app/build/intermediates/manifest_merge_blame_file/release/processReleaseMainManifest/manifest-merger-blame-release-report.txt
1<?xml version="1.0" encoding="utf-8"?>
2<manifest xmlns:android="http://schemas.android.com/apk/res/android"
3    package="com.voltrigger"
4    android:versionCode="2"
5    android:versionName="1.1" >
6
7    <uses-sdk
8        android:minSdkVersion="24"
9        android:targetSdkVersion="35" />
10
11    <permission
11-->[androidx.core:core:1.15.0] AndroidManifest.xml:22:5-24:47
12        android:name="com.voltrigger.DYNAMIC_RECEIVER_NOT_EXPORTED_PERMISSION"
12-->[androidx.core:core:1.15.0] AndroidManifest.xml:23:9-81
13        android:protectionLevel="signature" />
13-->[androidx.core:core:1.15.0] AndroidManifest.xml:24:9-44
14
15    <uses-permission android:name="com.voltrigger.DYNAMIC_RECEIVER_NOT_EXPORTED_PERMISSION" />
15-->[androidx.core:core:1.15.0] AndroidManifest.xml:26:5-97
15-->[androidx.core:core:1.15.0] AndroidManifest.xml:26:22-94
16
17    <application
17-->src/main/AndroidManifest.xml:4:5-74:19
18        android:allowBackup="true"
18-->src/main/AndroidManifest.xml:5:9-35
19        android:appComponentFactory="androidx.core.app.CoreComponentFactory"
19-->[androidx.core:core:1.15.0] AndroidManifest.xml:28:18-86
20        android:extractNativeLibs="false"
21        android:icon="@drawable/ic_app_logo"
21-->src/main/AndroidManifest.xml:6:9-45
22        android:label="@string/app_name"
22-->src/main/AndroidManifest.xml:7:9-41
23        android:supportsRtl="true"
23-->src/main/AndroidManifest.xml:8:9-35
24        android:theme="@android:style/Theme.DeviceDefault" >
24-->src/main/AndroidManifest.xml:9:9-59
25        <receiver
25-->src/main/AndroidManifest.xml:11:9-13:40
26            android:name="com.voltrigger.VolReceiver"
26-->src/main/AndroidManifest.xml:12:13-40
27            android:exported="false" />
27-->src/main/AndroidManifest.xml:13:13-37
28        <receiver
28-->src/main/AndroidManifest.xml:15:9-25:20
29            android:name="com.voltrigger.VolWidget"
29-->src/main/AndroidManifest.xml:16:13-38
30            android:exported="true"
30-->src/main/AndroidManifest.xml:18:13-36
31            android:label="@string/app_name" >
31-->src/main/AndroidManifest.xml:17:13-45
32            <intent-filter>
32-->src/main/AndroidManifest.xml:19:13-21:29
33                <action android:name="android.appwidget.action.APPWIDGET_UPDATE" />
33-->src/main/AndroidManifest.xml:20:17-84
33-->src/main/AndroidManifest.xml:20:25-81
34            </intent-filter>
35
36            <meta-data
36-->src/main/AndroidManifest.xml:22:13-24:62
37                android:name="android.appwidget.provider"
37-->src/main/AndroidManifest.xml:23:17-58
38                android:resource="@xml/widget_volume_info" />
38-->src/main/AndroidManifest.xml:24:17-59
39        </receiver>
40        <receiver
40-->src/main/AndroidManifest.xml:27:9-37:20
41            android:name="com.voltrigger.VolWidgetUp"
41-->src/main/AndroidManifest.xml:28:13-40
42            android:exported="true"
42-->src/main/AndroidManifest.xml:30:13-36
43            android:label="@string/widget_up_label" >
43-->src/main/AndroidManifest.xml:29:13-52
44            <intent-filter>
44-->src/main/AndroidManifest.xml:19:13-21:29
45                <action android:name="android.appwidget.action.APPWIDGET_UPDATE" />
45-->src/main/AndroidManifest.xml:20:17-84
45-->src/main/AndroidManifest.xml:20:25-81
46            </intent-filter>
47
48            <meta-data
48-->src/main/AndroidManifest.xml:22:13-24:62
49                android:name="android.appwidget.provider"
49-->src/main/AndroidManifest.xml:23:17-58
50                android:resource="@xml/widget_up_info" />
50-->src/main/AndroidManifest.xml:24:17-59
51        </receiver>
52        <receiver
52-->src/main/AndroidManifest.xml:39:9-49:20
53            android:name="com.voltrigger.VolWidgetDown"
53-->src/main/AndroidManifest.xml:40:13-42
54            android:exported="true"
54-->src/main/AndroidManifest.xml:42:13-36
55            android:label="@string/widget_down_label" >
55-->src/main/AndroidManifest.xml:41:13-54
56            <intent-filter>
56-->src/main/AndroidManifest.xml:19:13-21:29
57                <action android:name="android.appwidget.action.APPWIDGET_UPDATE" />
57-->src/main/AndroidManifest.xml:20:17-84
57-->src/main/AndroidManifest.xml:20:25-81
58            </intent-filter>
59
60            <meta-data
60-->src/main/AndroidManifest.xml:22:13-24:62
61                android:name="android.appwidget.provider"
61-->src/main/AndroidManifest.xml:23:17-58
62                android:resource="@xml/widget_down_info" />
62-->src/main/AndroidManifest.xml:24:17-59
63        </receiver>
64
65        <!-- Quick Settings Notification Panel Tiles -->
66        <service
66-->src/main/AndroidManifest.xml:52:9-61:19
67            android:name="com.voltrigger.VolTileUpService"
67-->src/main/AndroidManifest.xml:53:13-45
68            android:exported="true"
68-->src/main/AndroidManifest.xml:57:13-36
69            android:icon="@drawable/ic_tile_vol_up"
69-->src/main/AndroidManifest.xml:54:13-52
70            android:label="@string/widget_up_label"
70-->src/main/AndroidManifest.xml:55:13-52
71            android:permission="android.permission.BIND_QUICK_SETTINGS_TILE" >
71-->src/main/AndroidManifest.xml:56:13-77
72            <intent-filter>
72-->src/main/AndroidManifest.xml:58:13-60:29
73                <action android:name="android.service.quicksettings.action.QS_TILE" />
73-->src/main/AndroidManifest.xml:59:17-87
73-->src/main/AndroidManifest.xml:59:25-84
74            </intent-filter>
75        </service>
76        <service
76-->src/main/AndroidManifest.xml:63:9-72:19
77            android:name="com.voltrigger.VolTileDownService"
77-->src/main/AndroidManifest.xml:64:13-47
78            android:exported="true"
78-->src/main/AndroidManifest.xml:68:13-36
79            android:icon="@drawable/ic_tile_vol_down"
79-->src/main/AndroidManifest.xml:65:13-54
80            android:label="@string/widget_down_label"
80-->src/main/AndroidManifest.xml:66:13-54
81            android:permission="android.permission.BIND_QUICK_SETTINGS_TILE" >
81-->src/main/AndroidManifest.xml:67:13-77
82            <intent-filter>
82-->src/main/AndroidManifest.xml:58:13-60:29
83                <action android:name="android.service.quicksettings.action.QS_TILE" />
83-->src/main/AndroidManifest.xml:59:17-87
83-->src/main/AndroidManifest.xml:59:25-84
84            </intent-filter>
85        </service>
86
87        <provider
87-->[androidx.profileinstaller:profileinstaller:1.3.0] AndroidManifest.xml:24:9-32:20
88            android:name="androidx.startup.InitializationProvider"
88-->[androidx.profileinstaller:profileinstaller:1.3.0] AndroidManifest.xml:25:13-67
89            android:authorities="com.voltrigger.androidx-startup"
89-->[androidx.profileinstaller:profileinstaller:1.3.0] AndroidManifest.xml:26:13-68
90            android:exported="false" >
90-->[androidx.profileinstaller:profileinstaller:1.3.0] AndroidManifest.xml:27:13-37
91            <meta-data
91-->[androidx.profileinstaller:profileinstaller:1.3.0] AndroidManifest.xml:29:13-31:52
92                android:name="androidx.profileinstaller.ProfileInstallerInitializer"
92-->[androidx.profileinstaller:profileinstaller:1.3.0] AndroidManifest.xml:30:17-85
93                android:value="androidx.startup" />
93-->[androidx.profileinstaller:profileinstaller:1.3.0] AndroidManifest.xml:31:17-49
94        </provider>
95
96        <receiver
96-->[androidx.profileinstaller:profileinstaller:1.3.0] AndroidManifest.xml:34:9-52:20
97            android:name="androidx.profileinstaller.ProfileInstallReceiver"
97-->[androidx.profileinstaller:profileinstaller:1.3.0] AndroidManifest.xml:35:13-76
98            android:directBootAware="false"
98-->[androidx.profileinstaller:profileinstaller:1.3.0] AndroidManifest.xml:36:13-44
99            android:enabled="true"
99-->[androidx.profileinstaller:profileinstaller:1.3.0] AndroidManifest.xml:37:13-35
100            android:exported="true"
100-->[androidx.profileinstaller:profileinstaller:1.3.0] AndroidManifest.xml:38:13-36
101            android:permission="android.permission.DUMP" >
101-->[androidx.profileinstaller:profileinstaller:1.3.0] AndroidManifest.xml:39:13-57
102            <intent-filter>
102-->[androidx.profileinstaller:profileinstaller:1.3.0] AndroidManifest.xml:40:13-42:29
103                <action android:name="androidx.profileinstaller.action.INSTALL_PROFILE" />
103-->[androidx.profileinstaller:profileinstaller:1.3.0] AndroidManifest.xml:41:17-91
103-->[androidx.profileinstaller:profileinstaller:1.3.0] AndroidManifest.xml:41:25-88
104            </intent-filter>
105            <intent-filter>
105-->[androidx.profileinstaller:profileinstaller:1.3.0] AndroidManifest.xml:43:13-45:29
106                <action android:name="androidx.profileinstaller.action.SKIP_FILE" />
106-->[androidx.profileinstaller:profileinstaller:1.3.0] AndroidManifest.xml:44:17-85
106-->[androidx.profileinstaller:profileinstaller:1.3.0] AndroidManifest.xml:44:25-82
107            </intent-filter>
108            <intent-filter>
108-->[androidx.profileinstaller:profileinstaller:1.3.0] AndroidManifest.xml:46:13-48:29
109                <action android:name="androidx.profileinstaller.action.SAVE_PROFILE" />
109-->[androidx.profileinstaller:profileinstaller:1.3.0] AndroidManifest.xml:47:17-88
109-->[androidx.profileinstaller:profileinstaller:1.3.0] AndroidManifest.xml:47:25-85
110            </intent-filter>
111            <intent-filter>
111-->[androidx.profileinstaller:profileinstaller:1.3.0] AndroidManifest.xml:49:13-51:29
112                <action android:name="androidx.profileinstaller.action.BENCHMARK_OPERATION" />
112-->[androidx.profileinstaller:profileinstaller:1.3.0] AndroidManifest.xml:50:17-95
112-->[androidx.profileinstaller:profileinstaller:1.3.0] AndroidManifest.xml:50:25-92
113            </intent-filter>
114        </receiver>
115    </application>
116
117</manifest>